0 info it worked if it ends with ok
1 verbose cli [ 'node', '/Users/hongjunchoi/.nvm/v0.10.41/bin/npm', 'start' ]
2 info using npm@3.5.2
3 info using node@v0.10.41
4 verbose run-script [ 'prestart', 'start', 'poststart' ]
5 info lifecycle meanSampleProject1@0.0.0~prestart: meanSampleProject1@0.0.0
6 silly lifecycle meanSampleProject1@0.0.0~prestart: no script for prestart, continuing
7 info lifecycle meanSampleProject1@0.0.0~start: meanSampleProject1@0.0.0
8 verbose lifecycle meanSampleProject1@0.0.0~start: unsafe-perm in lifecycle true
9 verbose lifecycle meanSampleProject1@0.0.0~start: PATH: /Users/hongjunchoi/.nvm/v0.10.41/lib/node_modules/npm/bin/node-gyp-bin:/Users/hongjunchoi/Desktop/cs projects/meanSampleProject1/node_modules/.bin:/Users/hongjunchoi/.nvm/v0.10.41/bin:/usr/local/bin:/usr/bin:/bin:/usr/sbin:/sbin:/opt/X11/bin:/Library/TeX/texbin
10 verbose lifecycle meanSampleProject1@0.0.0~start: CWD: /Users/hongjunchoi/Desktop/cs projects/meanSampleProject1
11 silly lifecycle meanSampleProject1@0.0.0~start: Args: [ '-c', 'node ./bin/www' ]
12 silly lifecycle meanSampleProject1@0.0.0~start: Returned: code: 8  signal: null
13 info lifecycle meanSampleProject1@0.0.0~start: Failed to exec start script
14 verbose stack Error: meanSampleProject1@0.0.0 start: `node ./bin/www`
14 verbose stack Exit status 8
14 verbose stack     at EventEmitter.<anonymous> (/Users/hongjunchoi/.nvm/v0.10.41/lib/node_modules/npm/lib/utils/lifecycle.js:232:16)
14 verbose stack     at EventEmitter.emit (events.js:98:17)
14 verbose stack     at ChildProcess.<anonymous> (/Users/hongjunchoi/.nvm/v0.10.41/lib/node_modules/npm/lib/utils/spawn.js:24:14)
14 verbose stack     at ChildProcess.emit (events.js:98:17)
14 verbose stack     at maybeClose (child_process.js:766:16)
14 verbose stack     at Process.ChildProcess._handle.onexit (child_process.js:833:5)
15 verbose pkgid meanSampleProject1@0.0.0
16 verbose cwd /Users/hongjunchoi/Desktop/cs projects/meanSampleProject1
17 error Darwin 15.2.0
18 error argv "node" "/Users/hongjunchoi/.nvm/v0.10.41/bin/npm" "start"
19 error node v0.10.41
20 error npm  v3.5.2
21 error code ELIFECYCLE
22 error meanSampleProject1@0.0.0 start: `node ./bin/www`
22 error Exit status 8
23 error Failed at the meanSampleProject1@0.0.0 start script 'node ./bin/www'.
23 error Make sure you have the latest version of node.js and npm installed.
23 error If you do, this is most likely a problem with the meanSampleProject1 package,
23 error not with npm itself.
23 error Tell the author that this fails on your system:
23 error     node ./bin/www
23 error You can get information on how to open an issue for this project with:
23 error     npm bugs meanSampleProject1
23 error Or if that isn't available, you can get their info via:
23 error     npm owner ls meanSampleProject1
23 error There is likely additional logging output above.
24 verbose exit [ 1, true ]
